d:\git repos\graphics-gallery\graphics gallery\bin\intermediates\win32\debug\vc142.pdb
d:\git repos\graphics-gallery\graphics gallery\bin\intermediates\win32\debug\vc142.idb
d:\git repos\graphics-gallery\graphics gallery\bin\intermediates\win32\debug\stb_image.obj
d:\git repos\graphics-gallery\graphics gallery\bin\intermediates\win32\debug\shader.obj
d:\git repos\graphics-gallery\graphics gallery\bin\intermediates\win32\debug\graphicsbuffers.obj
d:\git repos\graphics-gallery\graphics gallery\bin\intermediates\win32\debug\application.obj
d:\git repos\graphics-gallery\graphics gallery\bin\intermediates\win32\debug\renderer.obj
d:\git repos\graphics-gallery\graphics gallery\bin\intermediates\win32\debug\imgui_widgets.obj
d:\git repos\graphics-gallery\graphics gallery\bin\intermediates\win32\debug\imgui_impl_opengl3.obj
d:\git repos\graphics-gallery\graphics gallery\bin\intermediates\win32\debug\imgui_impl_glfw.obj
d:\git repos\graphics-gallery\graphics gallery\bin\intermediates\win32\debug\imgui_draw.obj
d:\git repos\graphics-gallery\graphics gallery\bin\intermediates\win32\debug\imgui_demo.obj
d:\git repos\graphics-gallery\graphics gallery\bin\intermediates\win32\debug\imgui.obj
d:\git repos\graphics-gallery\graphics gallery\bin\intermediates\win32\debug\glm.obj
d:\git repos\graphics-gallery\graphics gallery\bin\intermediates\win32\debug\testclearcolor.obj
d:\git repos\graphics-gallery\graphics gallery\bin\intermediates\win32\debug\testrectangle.obj
d:\git repos\graphics-gallery\graphics gallery\bin\win32\debug\graphics gallery.pdb
d:\git repos\graphics-gallery\graphics gallery\bin\win32\debug\graphics gallery.exe
d:\git repos\graphics-gallery\graphics gallery\bin\win32\debug\graphics gallery.ilk
d:\git repos\graphics-gallery\graphics gallery\bin\intermediates\win32\debug\graphics gallery.tlog\cl.command.1.tlog
d:\git repos\graphics-gallery\graphics gallery\bin\intermediates\win32\debug\graphics gallery.tlog\cl.read.1.tlog
d:\git repos\graphics-gallery\graphics gallery\bin\intermediates\win32\debug\graphics gallery.tlog\cl.write.1.tlog
d:\git repos\graphics-gallery\graphics gallery\bin\intermediates\win32\debug\graphics gallery.tlog\link.command.1.tlog
d:\git repos\graphics-gallery\graphics gallery\bin\intermediates\win32\debug\graphics gallery.tlog\link.read.1.tlog
d:\git repos\graphics-gallery\graphics gallery\bin\intermediates\win32\debug\graphics gallery.tlog\link.write.1.tlog
